TN:
SF:alyz.js
FN:1,alyz
FN:5,(anonymous_1)
FNF:2
FNH:2
FNDA:1,alyz
FNDA:5,(anonymous_1)
DA:2,1
DA:3,1
DA:4,1
DA:5,5
DA:7,1
DA:15,1
LF:6
LH:6
BRF:0
BRH:0
end_of_record
TN:
SF:cae.js
FN:1,cae
FNF:1
FNH:1
FNDA:1,cae
DA:2,1
DA:3,1
DA:5,1
DA:7,1
DA:8,6
DA:9,6
DA:11,0
DA:15,1
DA:17,1
DA:18,6
DA:19,6
DA:20,3
DA:22,3
DA:25,0
DA:29,1
DA:32,1
LF:16
LH:14
BRDA:8,0,0,6
BRDA:8,0,1,0
BRDA:18,1,0,6
BRDA:18,1,1,0
BRDA:19,2,0,3
BRDA:19,2,1,3
BRF:6
BRH:4
end_of_record
TN:
SF:calc.js
FN:2,(anonymous_0)
FN:6,(anonymous_1)
FN:10,(anonymous_2)
FN:14,(anonymous_3)
FNF:4
FNH:4
FNDA:1,(anonymous_0)
FNDA:1,(anonymous_1)
FNDA:1,(anonymous_2)
FNDA:1,(anonymous_3)
DA:1,1
DA:3,1
DA:7,1
DA:11,1
DA:15,1
DA:19,1
LF:6
LH:6
BRF:0
BRH:0
end_of_record
TN:
SF:cap.js
FN:1,cap
FNF:1
FNH:1
FNDA:2,cap
DA:2,2
DA:3,2
DA:5,2
DA:8,1
LF:4
LH:4
BRF:0
BRH:0
end_of_record
TN:
SF:rev.js
FN:1,rev
FNF:1
FNH:1
FNDA:1,rev
DA:2,1
DA:5,1
LF:2
LH:2
BRF:0
BRH:0
end_of_record
